<?xml version="1.0" encoding="UTF-8"?>
<!-- Generated by org.testng.reporters.JUnitReportReporter -->
<testsuite hostname="DESKTOP-1U1212V" failures="0" tests="18" name="com.qa.sco.testCases.LoginPageTest" time="108.207" errors="0" timestamp="2022-05-21T19:41:23 EDT" skipped="0">
  <testcase classname="com.qa.sco.testCases.LoginPageTest" name="verifyDefaultOption" time="4.789"/>
  <system-out/>
  <testcase classname="com.qa.sco.testCases.LoginPageTest" name="verifyPasswordInputPresent" time="5.678"/>
  <system-out/>
  <testcase classname="com.qa.sco.testCases.LoginPageTest" name="Test5buttonDisable" time="15.460"/>
  <system-out/>
  <testcase classname="com.qa.sco.testCases.LoginPageTest" name="verifySecondListItem" time="6.916"/>
  <system-out/>
  <testcase classname="com.qa.sco.testCases.LoginPageTest" name="verifySecondDisableButton" time="4.350"/>
  <system-out/>
  <testcase classname="com.qa.sco.testCases.LoginPageTest" name="Test5button" time="14.041"/>
  <system-out/>
  <testcase classname="com.qa.sco.testCases.LoginPageTest" name="verifyWithoutPasswordWithUsername" time="5.152"/>
  <system-out/>
  <testcase classname="com.qa.sco.testCases.LoginPageTest" name="cellValue" time="4.635"/>
  <system-out/>
  <testcase classname="com.qa.sco.testCases.LoginPageTest" name="veriftyUsernameInputPresent" time="4.333"/>
  <system-out/>
  <testcase classname="com.qa.sco.testCases.LoginPageTest" name="verifyUsernamWithSpecCharWithPassword" time="4.640"/>
  <system-out/>
  <testcase classname="com.qa.sco.testCases.LoginPageTest" name="verifyUsernamWithoutSpecCharWithPassword" time="5.146"/>
  <system-out/>
  <testcase classname="com.qa.sco.testCases.LoginPageTest" name="verifyBudgeValueOfSecondListItem" time="5.642"/>
  <system-out/>
  <testcase classname="com.qa.sco.testCases.LoginPageTest" name="verifytWithoutUserNameANDPassword" time="5.709"/>
  <system-out/>
  <testcase classname="com.qa.sco.testCases.LoginPageTest" name="verifyFirstEnableButton" time="3.909"/>
  <system-out/>
  <testcase classname="com.qa.sco.testCases.LoginPageTest" name="verifyWithoutUsernameWithPassword" time="4.671"/>
  <system-out/>
  <testcase classname="com.qa.sco.testCases.LoginPageTest" name="verifyLoginButtonPresent" time="3.919"/>
  <system-out/>
  <testcase classname="com.qa.sco.testCases.LoginPageTest" name="verifyAfterSelection" time="4.956"/>
  <system-out/>
  <testcase classname="com.qa.sco.testCases.LoginPageTest" name="verifytotalListgroup" time="4.261"/>
  <system-out/>
</testsuite> <!-- com.qa.sco.testCases.LoginPageTest -->
